2021-08-04 22:57:26,222 [Worker-0: Loading available Gradle versions] INFO  o.e.b.c.i.u.g.PublishedGradleVersions - Gradle version information cache is up-to-date. Trying to read.
2021-08-04 23:14:02,180 [Worker-5: Loading available Gradle versions] INFO  o.e.b.c.i.u.g.PublishedGradleVersions - Gradle version information cache is up-to-date. Trying to read.
2021-08-04 23:31:12,072 [Worker-3: Loading available Gradle versions] INFO  o.e.b.c.i.u.g.PublishedGradleVersions - Gradle version information cache is up-to-date. Trying to read.
2021-08-04 23:42:29,650 [Worker-0: Loading available Gradle versions] INFO  o.e.b.c.i.u.g.PublishedGradleVersions - Gradle version information cache is up-to-date. Trying to read.
2021-08-04 23:43:41,191 [Worker-4: Loading available Gradle versions] INFO  o.e.b.c.i.u.g.PublishedGradleVersions - Gradle version information cache is up-to-date. Trying to read.
2021-08-04 23:56:36,579 [Worker-3: Loading available Gradle versions] INFO  o.e.b.c.i.u.g.PublishedGradleVersions - Gradle version information cache is up-to-date. Trying to read.
2021-08-04 23:57:56,336 [Worker-0: Loading available Gradle versions] INFO  o.e.b.c.i.u.g.PublishedGradleVersions - Gradle version information cache is up-to-date. Trying to read.
2021-08-05 00:01:14,418 [Worker-3: Loading available Gradle versions] INFO  o.e.b.c.i.u.g.PublishedGradleVersions - Gradle version information cache is up-to-date. Trying to read.
2021-08-05 00:09:39,013 [Worker-2: Loading available Gradle versions] INFO  o.e.b.c.i.u.g.PublishedGradleVersions - Gradle version information cache is up-to-date. Trying to read.
2021-08-05 01:44:29,140 [Worker-4: Loading available Gradle versions] INFO  o.e.b.c.i.u.g.PublishedGradleVersions - Gradle version information cache is up-to-date. Trying to read.
2021-08-09 12:41:55,726 [Worker-7: Loading available Gradle versions] INFO  o.e.b.c.i.u.g.PublishedGradleVersions - Gradle version information cache is up-to-date. Trying to read.
2021-08-09 12:44:02,071 [Worker-2: Loading available Gradle versions] INFO  o.e.b.c.i.u.g.PublishedGradleVersions - Gradle version information cache is up-to-date. Trying to read.
2021-08-09 12:48:04,982 [Worker-0: Loading available Gradle versions] INFO  o.e.b.c.i.u.g.PublishedGradleVersions - Gradle version information cache is up-to-date. Trying to read.
2021-08-14 01:04:51,684 [Worker-2: Maven プロジェクト構成の更新] INFO  o.e.m.c.i.p.ProjectConfigurationManager - Update started
2021-08-14 01:04:52,725 [Worker-2: Maven プロジェクト構成の更新] INFO  o.e.m.c.i.l.LifecycleMappingFactory - Using org.maven.ide.eclipse.wtp.WarLifecycleMapping lifecycle mapping for MavenProject: jp.example:commodity_system:0.0.1-SNAPSHOT @ C:\LetsEngineer\tctmsoft\commodity_system\pom.xml.
2021-08-14 01:04:54,885 [Worker-2: Maven プロジェクト構成の更新] INFO  o.e.m.j.i.AbstractJavaProjectConfigurator - Adding source folder /commodity_system/src
2021-08-14 01:04:54,886 [Worker-2: Maven プロジェクト構成の更新] INFO  o.e.m.j.i.AbstractJavaProjectConfigurator - Not adding source folder /commodity_system/src/test/java because it overlaps with /commodity_system/src
2021-08-14 01:04:56,860 [Worker-2: Maven プロジェクト構成の更新] INFO  o.e.m.c.i.p.ProjectConfigurationManager - Update completed: 5 sec
2021-08-14 01:04:58,055 [Worker-12: ビルド] WARN  o.e.m.c.i.embedder.EclipseLogger - Using platform encoding (MS932 actually) to copy filtered resources, i.e. build is platform dependent!
2021-08-14 01:04:58,056 [Worker-12: ビルド] INFO  o.e.m.c.i.embedder.EclipseLogger - skip non existing resourceDirectory C:\LetsEngineer\tctmsoft\commodity_system\src\main\resources
2021-08-14 01:04:58,059 [Worker-12: ビルド] WARN  o.e.m.c.i.embedder.EclipseLogger - Using platform encoding (MS932 actually) to copy filtered resources, i.e. build is platform dependent!
2021-08-14 01:04:58,060 [Worker-12: ビルド] INFO  o.e.m.c.i.embedder.EclipseLogger - skip non existing resourceDirectory C:\LetsEngineer\tctmsoft\commodity_system\src\test\resources
2021-08-21 16:09:57,141 [Worker-8: Loading available Gradle versions] INFO  o.e.b.c.i.u.g.PublishedGradleVersions - Gradle version information cache is up-to-date. Trying to read.
